<?xml version="1.0" encoding="UTF-8"?>
<testsuites name="Smoke Testing" time="46.026" tests="3" failures="0" errors="0">
   <testsuite name="Smoke Testing" tests="3" failures="0" errors="0" time="46.026" skipped="0" timestamp="2023-07-29 00:34:28" hostname="chen.sl - windows10.microdone.cn" id="Test Suites/Smoke Testing">
      <properties>
         <property name="deviceName" value=""/>
         <property name="devicePlatform" value=""/>
         <property name="logFolder" value="C:\\Users\\chen.sl\\git\\test\\HKTestTeam02\\Reports\\20230729_003422\\Smoke Testing\\20230729_003422"/>
         <property name="logFiles" value="C:\\Users\\chen.sl\\git\\test\\HKTestTeam02\\Reports\\20230729_003422\\Smoke Testing\\20230729_003422\\execution0.log"/>
         <property name="attachments" value=""/>
         <property name="hostName" value="chen.sl - windows10.microdone.cn"/>
         <property name="os" value="Windows 10 64bit"/>
         <property name="katalonVersion" value="8.6.5.208"/>
         <property name="browser" value="Chrome 96.0.4664.45"/>
         <property name="hostAddress" value="192.168.8.25"/>
         <property name="sessionId" value="77d8f44f8a462e7b945f37c6370a39bc"/>
         <property name="seleniumVersion" value="3.141.59"/>
         <property name="proxyInformation" value="ProxyInformation { proxyOption=NO_PROXY, proxyServerType=HTTP, username=, password=********, proxyServerAddress=, proxyServerPort=0, executionList=&quot;&quot;, isApplyToDesiredCapabilities=true }"/>
         <property name="platform" value="Windows 10"/>
      </properties>
      <testcase name="Test Cases/Login Test" time="14.552" classname="Test Cases/Login Test" status="PASSED">
         <system-out><![CDATA[2023-07-29 00:34:28 - [TEST_CASE][PASSED] - Test Cases/Login Test: Test Cases/Login Test

2023-07-29 00:34:29 - [TEST_STEP][PASSED] - openBrowser(""): Browser is opened with url: ''

2023-07-29 00:34:30 - [MESSAGE][INFO] - Starting 'Chrome' driver

2023-07-29 00:34:30 - [MESSAGE][INFO] - Action delay is set to 0 milliseconds

2023-07-29 00:34:34 - [MESSAGE][PASSED] - Browser is opened with url: ''

2023-07-29 00:34:34 - [TEST_STEP][PASSED] - navigateToUrl("https://example.testproject.io/web/"): Navigate to 'https://example.testproject.io/web/' successfully

2023-07-29 00:34:39 - [MESSAGE][PASSED] - Navigate to 'https://example.testproject.io/web/' successfully

2023-07-29 00:34:39 - [TEST_STEP][PASSED] - setText(findTestObject("Object Repository/Login Page/Page_TestProject Demo/input_Full Name_name"), "xikd"): Text 'xikd' is set on object 'Object Repository/Login Page/Page_TestProject Demo/input_Full Name_name'

2023-07-29 00:34:40 - [MESSAGE][PASSED] - Text 'xikd' is set on object 'Object Repository/Login Page/Page_TestProject Demo/input_Full Name_name'

2023-07-29 00:34:40 - [TEST_STEP][PASSED] - setEncryptedText(findTestObject("Object Repository/Login Page/Page_TestProject Demo/input_Password_password"), "iGDxf8hSRT4="): Text ****** has been set on object 'Object Repository/Login Page/Page_TestProject Demo/input_Password_password'

2023-07-29 00:34:41 - [MESSAGE][PASSED] - Text ****** has been set on object 'Object Repository/Login Page/Page_TestProject Demo/input_Password_password'

2023-07-29 00:34:41 - [TEST_STEP][PASSED] - click(findTestObject("Object Repository/Login Page/Page_TestProject Demo/button_Login")): Object: 'Object Repository/Login Page/Page_TestProject Demo/button_Login' is clicked on

2023-07-29 00:34:42 - [MESSAGE][PASSED] - Object: 'Object Repository/Login Page/Page_TestProject Demo/button_Login' is clicked on

2023-07-29 00:34:42 - [TEST_STEP][PASSED] - verifyElementText(findTestObject("Object Repository/Login Page/Page_TestProject Demo/p_Hello xikd, lets complete the test form"), "Hello xikd, let's complete the test form:"): Actual text and expected text of test object 'Object Repository/Login Page/Page_TestProject Demo/p_Hello xikd, lets complete the test form' are matched.

2023-07-29 00:34:42 - [MESSAGE][PASSED] - Actual text and expected text of test object 'Object Repository/Login Page/Page_TestProject Demo/p_Hello xikd, lets complete the test form' are matched.

2023-07-29 00:34:42 - [TEST_STEP][PASSED] - closeBrowser(): Browser is closed

2023-07-29 00:34:43 - [MESSAGE][PASSED] - Browser is closed]]></system-out>
         <system-err><![CDATA[]]></system-err>
      </testcase>
      <testcase name="Test Cases/Registration Test" time="21.391" classname="Test Cases/Registration Test" status="PASSED">
         <system-out><![CDATA[2023-07-29 00:34:43 - [TEST_CASE][PASSED] - Test Cases/Registration Test: Test Cases/Registration Test

2023-07-29 00:34:43 - [TEST_STEP][PASSED] - openBrowser(""): Browser is opened with url: ''

2023-07-29 00:34:43 - [MESSAGE][INFO] - Starting 'Chrome' driver

2023-07-29 00:34:43 - [MESSAGE][INFO] - Action delay is set to 0 milliseconds

2023-07-29 00:34:45 - [MESSAGE][PASSED] - Browser is opened with url: ''

2023-07-29 00:34:45 - [TEST_STEP][PASSED] - navigateToUrl("https://example.testproject.io/web/"): Navigate to 'https://example.testproject.io/web/' successfully

2023-07-29 00:34:50 - [MESSAGE][PASSED] - Navigate to 'https://example.testproject.io/web/' successfully

2023-07-29 00:34:50 - [TEST_STEP][PASSED] - setText(findTestObject("Object Repository/Registration Page/Page_TestProject Demo/input_Full Name_name"), "hkit"): Text 'hkit' is set on object 'Object Repository/Registration Page/Page_TestProject Demo/input_Full Name_name'

2023-07-29 00:34:51 - [MESSAGE][PASSED] - Text 'hkit' is set on object 'Object Repository/Registration Page/Page_TestProject Demo/input_Full Name_name'

2023-07-29 00:34:51 - [TEST_STEP][PASSED] - setEncryptedText(findTestObject("Object Repository/Registration Page/Page_TestProject Demo/input_Password_password"), "iGDxf8hSRT4="): Text ****** has been set on object 'Object Repository/Registration Page/Page_TestProject Demo/input_Password_password'

2023-07-29 00:34:52 - [MESSAGE][PASSED] - Text ****** has been set on object 'Object Repository/Registration Page/Page_TestProject Demo/input_Password_password'

2023-07-29 00:34:52 - [TEST_STEP][PASSED] - click(findTestObject("Object Repository/Registration Page/Page_TestProject Demo/button_Login")): Object: 'Object Repository/Registration Page/Page_TestProject Demo/button_Login' is clicked on

2023-07-29 00:34:52 - [MESSAGE][PASSED] - Object: 'Object Repository/Registration Page/Page_TestProject Demo/button_Login' is clicked on

2023-07-29 00:34:52 - [TEST_STEP][PASSED] - selectOptionByValue(findTestObject("Object Repository/Registration Page/Page_TestProject Demo/select_AfghanistanAlbaniaAlgeriaAmerican Sa_e5890c"), "CN", true): All options with value 'CN' are selected in object 'Object Repository/Registration Page/Page_TestProject Demo/select_AfghanistanAlbaniaAlgeriaAmerican Sa_e5890c'  using regular expression

2023-07-29 00:34:59 - [MESSAGE][PASSED] - All options with value 'CN' are selected in object 'Object Repository/Registration Page/Page_TestProject Demo/select_AfghanistanAlbaniaAlgeriaAmerican Sa_e5890c'  using regular expression

2023-07-29 00:34:59 - [TEST_STEP][PASSED] - setText(findTestObject("Object Repository/Registration Page/Page_TestProject Demo/input_Address_address"), "No. 11,Caipin Road,"): Text 'No. 11,Caipin Road,' is set on object 'Object Repository/Registration Page/Page_TestProject Demo/input_Address_address'

2023-07-29 00:35:00 - [MESSAGE][PASSED] - Text 'No. 11,Caipin Road,' is set on object 'Object Repository/Registration Page/Page_TestProject Demo/input_Address_address'

2023-07-29 00:35:00 - [TEST_STEP][PASSED] - setText(findTestObject("Object Repository/Registration Page/Page_TestProject Demo/input_Email_email"), "test@gmail.com"): Text 'test@gmail.com' is set on object 'Object Repository/Registration Page/Page_TestProject Demo/input_Email_email'

2023-07-29 00:35:01 - [MESSAGE][PASSED] - Text 'test@gmail.com' is set on object 'Object Repository/Registration Page/Page_TestProject Demo/input_Email_email'

2023-07-29 00:35:01 - [TEST_STEP][PASSED] - setText(findTestObject("Object Repository/Registration Page/Page_TestProject Demo/input_Phone_phone"), "020-12345678"): Text '020-12345678' is set on object 'Object Repository/Registration Page/Page_TestProject Demo/input_Phone_phone'

2023-07-29 00:35:02 - [MESSAGE][PASSED] - Text '020-12345678' is set on object 'Object Repository/Registration Page/Page_TestProject Demo/input_Phone_phone'

2023-07-29 00:35:02 - [TEST_STEP][PASSED] - click(findTestObject("Object Repository/Registration Page/Page_TestProject Demo/button_Save")): Object: 'Object Repository/Registration Page/Page_TestProject Demo/button_Save' is clicked on

2023-07-29 00:35:02 - [MESSAGE][PASSED] - Object: 'Object Repository/Registration Page/Page_TestProject Demo/button_Save' is clicked on

2023-07-29 00:35:02 - [TEST_STEP][PASSED] - verifyElementText(findTestObject("Registration Page/Page_TestProject Demo/span_Saved"), "Saved"): Actual text and expected text of test object 'Object Repository/Registration Page/Page_TestProject Demo/span_Saved' are matched.

2023-07-29 00:35:02 - [MESSAGE][PASSED] - Actual text and expected text of test object 'Object Repository/Registration Page/Page_TestProject Demo/span_Saved' are matched.

2023-07-29 00:35:02 - [TEST_STEP][PASSED] - click(findTestObject("Object Repository/Registration Page/Page_TestProject Demo/button_Logout")): Object: 'Object Repository/Registration Page/Page_TestProject Demo/button_Logout' is clicked on

2023-07-29 00:35:03 - [MESSAGE][PASSED] - Object: 'Object Repository/Registration Page/Page_TestProject Demo/button_Logout' is clicked on

2023-07-29 00:35:03 - [TEST_STEP][PASSED] - closeBrowser(): Browser is closed

2023-07-29 00:35:04 - [MESSAGE][PASSED] - Browser is closed]]></system-out>
         <system-err><![CDATA[]]></system-err>
      </testcase>
      <testcase name="Test Cases/Logout Test" time="9.361" classname="Test Cases/Logout Test" status="PASSED">
         <system-out><![CDATA[2023-07-29 00:35:04 - [TEST_CASE][PASSED] - Test Cases/Logout Test: Test Cases/Logout Test

2023-07-29 00:35:05 - [TEST_STEP][PASSED] - openBrowser(""): Browser is opened with url: ''

2023-07-29 00:35:05 - [MESSAGE][INFO] - Starting 'Chrome' driver

2023-07-29 00:35:05 - [MESSAGE][INFO] - Action delay is set to 0 milliseconds

2023-07-29 00:35:07 - [MESSAGE][PASSED] - Browser is opened with url: ''

2023-07-29 00:35:07 - [TEST_STEP][PASSED] - navigateToUrl("https://example.testproject.io/web/"): Navigate to 'https://example.testproject.io/web/' successfully

2023-07-29 00:35:09 - [MESSAGE][PASSED] - Navigate to 'https://example.testproject.io/web/' successfully

2023-07-29 00:35:09 - [TEST_STEP][PASSED] - setText(findTestObject("Object Repository/Logout Page/input_Full Name_name"), "hkit"): Text 'hkit' is set on object 'Object Repository/Logout Page/input_Full Name_name'

2023-07-29 00:35:10 - [MESSAGE][PASSED] - Text 'hkit' is set on object 'Object Repository/Logout Page/input_Full Name_name'

2023-07-29 00:35:10 - [TEST_STEP][PASSED] - setEncryptedText(findTestObject("Object Repository/Logout Page/input_Password_password"), "iGDxf8hSRT4="): Text ****** has been set on object 'Object Repository/Logout Page/input_Password_password'

2023-07-29 00:35:10 - [MESSAGE][PASSED] - Text ****** has been set on object 'Object Repository/Logout Page/input_Password_password'

2023-07-29 00:35:10 - [TEST_STEP][PASSED] - click(findTestObject("Object Repository/Logout Page/button_Login")): Object: 'Object Repository/Logout Page/button_Login' is clicked on

2023-07-29 00:35:10 - [MESSAGE][PASSED] - Object: 'Object Repository/Logout Page/button_Login' is clicked on

2023-07-29 00:35:10 - [TEST_STEP][PASSED] - verifyElementPresent(findTestObject("Logout Page/button_Logout"), 0): Object 'Object Repository/Logout Page/button_Logout' is present

2023-07-29 00:35:11 - [MESSAGE][WARNING] - Timeout '0' is invalid. Using default page load timeout: '30'

2023-07-29 00:35:11 - [MESSAGE][PASSED] - Object 'Object Repository/Logout Page/button_Logout' is present

2023-07-29 00:35:11 - [TEST_STEP][PASSED] - click(findTestObject("Object Repository/Logout Page/button_Logout")): Object: 'Object Repository/Logout Page/button_Logout' is clicked on

2023-07-29 00:35:12 - [MESSAGE][PASSED] - Object: 'Object Repository/Logout Page/button_Logout' is clicked on

2023-07-29 00:35:12 - [TEST_STEP][PASSED] - closeBrowser(): Browser is closed

2023-07-29 00:35:14 - [MESSAGE][PASSED] - Browser is closed]]></system-out>
         <system-err><![CDATA[]]></system-err>
      </testcase>
      <system-out><![CDATA[2023-07-29 00:34:28 - [TEST_SUITE][PASSED] - Smoke Testing: Test Cases/Logout Test]]></system-out>
      <system-err><![CDATA[]]></system-err>
   </testsuite>
</testsuites>
